<?xml version="1.0" encoding="UTF-8"?>
<beans xmlns="http://www.springframework.org/schema/beans"
       xmlns:xsi="http://www.w3.org/2001/XMLSchema-instance"
       xsi:schemaLocation="http://www.springframework.org/schema/beans http://www.springframework.org/schema/beans/spring-beans.xsd">

    <import resource="classpath:Test-Spring-Config.xml"/>
    <!--<import resource="Test-Spring-UsersCase.xml"/>-->

    <!--账户管理 -->
    <bean id="sysStaffDao" class="org.mybatis.spring.mapper.MapperFactoryBean">
        <property name="mapperInterface" value="com.cms.core.dao.system.SysStaffDao" />
        <property name="sqlSessionFactory" ref="sqlSessionFactory" />
    </bean>
    <bean id="sysMenuDao" class="org.mybatis.spring.mapper.MapperFactoryBean">
        <property name="mapperInterface" value="com.cms.core.dao.system.SysMenuDao" />
        <property name="sqlSessionFactory" ref="sqlSessionFactory" />
    </bean>
    <bean id="sysRoleDao" class="org.mybatis.spring.mapper.MapperFactoryBean">
        <property name="mapperInterface" value="com.cms.core.dao.system.SysRoleDao" />
        <property name="sqlSessionFactory" ref="sqlSessionFactory" />
    </bean>
    <bean id="sysRolemenusDao" class="org.mybatis.spring.mapper.MapperFactoryBean">
        <property name="mapperInterface" value="com.cms.core.dao.system.SysRolemenusDao" />
        <property name="sqlSessionFactory" ref="sqlSessionFactory" />
    </bean>
    <bean id="sysSessionDao" class="org.mybatis.spring.mapper.MapperFactoryBean">
        <property name="mapperInterface" value="com.cms.core.dao.system.SysSessionDao" />
        <property name="sqlSessionFactory" ref="sqlSessionFactory" />
    </bean>


</beans>